<?xml version="1.0" encoding="UTF-8"?>
<testsuite xmlns:xsi="http://www.w3.org/2001/XMLSchema-instance" xsi:noNamespaceSchemaLocation="https://maven.apache.org/surefire/maven-surefire-plugin/xsd/surefire-test-report-3.0.xsd" version="3.0" name="com.springboot.springboot.SpringbootFirstAppApplicationTests" time="4.332" tests="1" errors="0" skipped="0" failures="0">
  <properties>
[...]
</properties>
  <testcase name="testTwoNumbers" classname="com.springboot.springboot.SpringbootFirstAppApplicationTests" time="0.928">
    <system-out><![CDATA[15:12:53.567 [main] INFO org.springframework.test.context.support.AnnotationConfigContextLoaderUtils -- Could not detect default configuration classes for test class [com.springboot.springboot.SpringbootFirstAppApplicationTests]: SpringbootFirstAppApplicationTests does not declare any static, non-private, non-final, nested classes annotated with @Configuration.
15:12:53.762 [main] INFO org.springframework.boot.test.context.SpringBootTestContextBootstrapper -- Found @SpringBootConfiguration com.springboot.springboot.SpringbootFirstAppApplication for test class com.springboot.springboot.SpringbootFirstAppApplicationTests

  .   ____          _            __ _ _
 /\\ / ___'_ __ _ _(_)_ __  __ _ \ \ \ \
( ( )\___ | '_ | '_| | '_ \/ _` | \ \ \ \
 \\/  ___)| |_)| | | | | || (_| |  ) ) ) )
  '  |____| .__|_| |_|_| |_\__, | / / / /
 =========|_|==============|___/=/_/_/_/
 :: Spring Boot ::                (v3.1.1)

2023-06-24T15:12:54.178-05:00  INFO 72067 --- [           main] c.s.s.SpringbootFirstAppApplicationTests : Starting SpringbootFirstAppApplicationTests using Java 17.0.7 with PID 72067 (started by tejapenugonda in /Users/tejapenugonda/Documents/SpringBoot)
2023-06-24T15:12:54.179-05:00  INFO 72067 --- [           main] c.s.s.SpringbootFirstAppApplicationTests : No active profile set, falling back to 1 default profile: "default"
2023-06-24T15:12:54.743-05:00  INFO 72067 --- [           main] .s.d.r.c.RepositoryConfigurationDelegate : Bootstrapping Spring Data JPA repositories in DEFAULT mode.
2023-06-24T15:12:54.764-05:00  INFO 72067 --- [           main] .s.d.r.c.RepositoryConfigurationDelegate : Finished Spring Data repository scanning in 13 ms. Found 0 JPA repository interfaces.
2023-06-24T15:12:55.164-05:00  INFO 72067 --- [           main] com.zaxxer.hikari.HikariDataSource       : HikariPool-1 - Starting...
2023-06-24T15:12:55.409-05:00  INFO 72067 --- [           main] com.zaxxer.hikari.pool.HikariPool        : HikariPool-1 - Added connection conn0: url=jdbc:h2:mem:fca49548-59f3-4430-abd4-9e274921193c user=SA
2023-06-24T15:12:55.410-05:00  INFO 72067 --- [           main] com.zaxxer.hikari.HikariDataSource       : HikariPool-1 - Start completed.
2023-06-24T15:12:55.457-05:00  INFO 72067 --- [           main] o.hibernate.jpa.internal.util.LogHelper  : HHH000204: Processing PersistenceUnitInfo [name: default]
2023-06-24T15:12:55.504-05:00  INFO 72067 --- [           main] org.hibernate.Version                    : HHH000412: Hibernate ORM core version 6.2.2.Final
2023-06-24T15:12:55.506-05:00  INFO 72067 --- [           main] org.hibernate.cfg.Environment            : HHH000406: Using bytecode reflection optimizer
2023-06-24T15:12:55.622-05:00  INFO 72067 --- [           main] o.h.b.i.BytecodeProviderInitiator        : HHH000021: Bytecode provider name : bytebuddy
2023-06-24T15:12:55.834-05:00  INFO 72067 --- [           main] o.s.o.j.p.SpringPersistenceUnitInfo      : No LoadTimeWeaver setup: ignoring JPA class transformer
2023-06-24T15:12:55.882-05:00  INFO 72067 --- [           main] org.hibernate.orm.dialect                : HHH035001: Using dialect: org.hibernate.dialect.H2Dialect, version: 2.1.214
2023-06-24T15:12:55.966-05:00  INFO 72067 --- [           main] o.h.b.i.BytecodeProviderInitiator        : HHH000021: Bytecode provider name : bytebuddy
2023-06-24T15:12:56.169-05:00  INFO 72067 --- [           main] o.h.e.t.j.p.i.JtaPlatformInitiator       : HHH000490: Using JtaPlatform implementation: [org.hibernate.engine.transaction.jta.platform.internal.NoJtaPlatform]
2023-06-24T15:12:56.177-05:00  INFO 72067 --- [           main] j.LocalContainerEntityManagerFactoryBean : Initialized JPA EntityManagerFactory for persistence unit 'default'
2023-06-24T15:12:56.325-05:00  WARN 72067 --- [           main] JpaBaseConfiguration$JpaWebConfiguration : spring.jpa.open-in-view is enabled by default. Therefore, database queries may be performed during view rendering. Explicitly configure spring.jpa.open-in-view to disable this warning
2023-06-24T15:12:56.727-05:00  INFO 72067 --- [           main] o.s.b.t.m.w.SpringBootMockServletContext : Initializing Spring TestDispatcherServlet ''
2023-06-24T15:12:56.727-05:00  INFO 72067 --- [           main] o.s.t.web.servlet.TestDispatcherServlet  : Initializing Servlet ''
2023-06-24T15:12:56.730-05:00  INFO 72067 --- [           main] o.s.t.web.servlet.TestDispatcherServlet  : Completed initialization in 1 ms
2023-06-24T15:12:56.752-05:00  INFO 72067 --- [           main] c.s.s.SpringbootFirstAppApplicationTests : Started SpringbootFirstAppApplicationTests in 2.819 seconds (process running for 4.025)
]]></system-out>
  </testcase>
</testsuite>